  main.c
C:\Users\jmcos\source\repos\so2_tp\Wordgame\arbitro\main.c(35,39): warning C4047: '=': 'int *' difere em níveis de indireção de 'int'
C:\Users\jmcos\source\repos\so2_tp\Wordgame\arbitro\main.c(25,9): warning C4047: 'inicializando': 'int' difere em níveis de indireção de 'int *'
C:\Users\jmcos\source\repos\so2_tp\Wordgame\arbitro\main.c(120,113): warning C4267: 'função': conversão de 'size_t' para 'DWORD', possível perda de dados
C:\Users\jmcos\source\repos\so2_tp\Wordgame\arbitro\main.c(151,9): warning C4013: 'RemoveNovaLinha' indefinido; assumindo extern retornando int
C:\Users\jmcos\source\repos\so2_tp\Wordgame\arbitro\main.c(260,13): warning C4018: '<': incompatibilidade de signed/unsigned
C:\Users\jmcos\source\repos\so2_tp\Wordgame\arbitro\main.c(267,23): warning C4018: '<': incompatibilidade de signed/unsigned
C:\Users\jmcos\source\repos\so2_tp\Wordgame\arbitro\main.c(489,81): warning C4244: '-=': conversão de 'double' para 'float', possível perda de dados
C:\Users\jmcos\source\repos\so2_tp\Wordgame\arbitro\main.c(500,65): warning C4047: 'função': 'TCHAR **' difere em níveis de indireção de 'TCHAR *'
C:\Users\jmcos\source\repos\so2_tp\Wordgame\arbitro\main.c(500,65): warning C4024: 'VerificaPalavra': tipos diferentes para parâmetro formal e real 2
C:\Users\jmcos\source\repos\so2_tp\Wordgame\arbitro\main.c(503,18): warning C4477: 'wprintf_s': a cadeia de formato '%d' requer um argumento do tipo 'int', mas um argumento variadic 1 tem o tipo 'size_t'
      C:\Users\jmcos\source\repos\so2_tp\Wordgame\arbitro\main.c(503,18):
      considere usar '%zd' na cadeia de formato
  
C:\Users\jmcos\source\repos\so2_tp\Wordgame\arbitro\main.c(534,89): warning C4244: '-=': conversão de 'double' para 'float', possível perda de dados
C:\Users\jmcos\source\repos\so2_tp\Wordgame\arbitro\main.c(544,85): warning C4244: '-=': conversão de 'double' para 'float', possível perda de dados
C:\Users\jmcos\source\repos\so2_tp\Wordgame\arbitro\main.c(479,20): warning C4047: 'inicializando': 'TCHAR *' difere em níveis de indireção de 'TCHAR (*)[256]'
C:\Users\jmcos\source\repos\so2_tp\Wordgame\arbitro\main.c(493,23): warning C4101: 'letrasAtuaisCopyNewLetter': variável local não referenciada
C:\Users\jmcos\source\repos\so2_tp\Wordgame\arbitro\main.c(570,11): warning C4101: 'nomeFicheiro': variável local não referenciada
C:\Users\jmcos\source\repos\so2_tp\Wordgame\arbitro\main.c(746,24): warning C4047: '=': 'TCHAR *' difere em níveis de indireção de 'TCHAR **'
C:\Users\jmcos\source\repos\so2_tp\Wordgame\arbitro\main.c(760,9): warning C4129: "F": sequência de escape de caracteres não reconhecida
C:\Users\jmcos\source\repos\so2_tp\Wordgame\arbitro\main.c(771,54): warning C4129: "F": sequência de escape de caracteres não reconhecida
C:\Users\jmcos\source\repos\so2_tp\Wordgame\arbitro\main.c(782,48): warning C4129: "F": sequência de escape de caracteres não reconhecida
C:\Users\jmcos\source\repos\so2_tp\Wordgame\arbitro\main.c(868,34): warning C4047: '=': 'int *' difere em níveis de indireção de 'int'
C:\Users\jmcos\source\repos\so2_tp\Wordgame\arbitro\main.c(664,31): warning C4101: 'hSemaphoreMaxClientes': variável local não referenciada
  arbitro.vcxproj -> C:\Users\jmcos\source\repos\so2_tp\Wordgame\x64\Debug\arbitro.exe
